<?xml version="1.0" encoding="UTF-8"?>
<testng-results ignored="0" total="1" passed="1" failed="0" skipped="0">
  <reporter-output>
  </reporter-output>
  <suite started-at="2021-05-30T13:44:28 IST" name="Surefire suite" finished-at="2021-05-30T13:44:34 IST" duration-ms="6128">
    <groups>
    </groups>
    <test started-at="2021-05-30T13:44:28 IST" name="Surefire test" finished-at="2021-05-30T13:44:34 IST" duration-ms="6128">
      <class name="com.greenkart.ValidationTests">
        <test-method signature="validTest()[pri:0, instance:com.greenkart.ValidationTests@74235045]" started-at="2021-05-30T13:44:28 IST" name="validTest" finished-at="2021-05-30T13:44:34 IST" duration-ms="6075" status="PASS">
          <reporter-output>
          </reporter-output>
        </test-method> <!-- validTest -->
      </class> <!-- com.greenkart.ValidationTests -->
    </test> <!-- Surefire test -->
  </suite> <!-- Surefire suite -->
</testng-results>
